2022-02-21 10:00:55,006 INFO org.springframework.boot.StartupInfoLogger [restartedMain] Starting EurekaServerApplication using Java 17 on LAPTOP-ENK3FB65 with PID 1924 (C:\WorkspaceSTS\EurekaServer\target\classes started by 002292661 in C:\WorkspaceSTS\EurekaServer)
2022-02-21 10:00:55,017 INFO org.springframework.boot.SpringApplication [restartedMain] No active profile set, falling back to default profiles: default
2022-02-21 10:00:55,093 INFO org.springframework.boot.logging.DeferredLog [restartedMain] Devtools property defaults active! Set 'spring.devtools.add-properties' to 'false' to disable
2022-02-21 10:00:55,104 INFO org.springframework.boot.logging.DeferredLog [restartedMain] For additional web related logging consider setting the 'logging.level.web' property to 'DEBUG'
2022-02-21 10:00:57,003 INFO org.springframework.cloud.context.scope.GenericScope [restartedMain] BeanFactory id=e76cde05-6ecc-31f7-8d36-ab3f721c8cb7
2022-02-21 10:00:57,746 INFO org.springframework.boot.web.embedded.tomcat.TomcatWebServer [restartedMain] Tomcat initialized with port(s): 8761 (http)
2022-02-21 10:00:57,757 INFO org.apache.juli.logging.DirectJDKLog [restartedMain] Initializing ProtocolHandler ["http-nio-8761"]
2022-02-21 10:00:57,759 INFO org.apache.juli.logging.DirectJDKLog [restartedMain] Starting service [Tomcat]
2022-02-21 10:00:57,759 INFO org.apache.juli.logging.DirectJDKLog [restartedMain] Starting Servlet engine: [Apache Tomcat/9.0.56]
2022-02-21 10:00:57,869 INFO org.apache.juli.logging.DirectJDKLog [restartedMain] Initializing Spring embedded WebApplicationContext
2022-02-21 10:00:57,870 INFO org.springframework.boot.web.servlet.context.ServletWebServerApplicationContext [restartedMain] Root WebApplicationContext: initialization completed in 2765 ms
2022-02-21 10:00:58,471 INFO com.sun.jersey.server.impl.application.WebApplicationImpl [restartedMain] Initiating Jersey application, version 'Jersey: 1.19.4 05/24/2017 03:20 PM'
2022-02-21 10:00:58,548 INFO com.netflix.discovery.provider.DiscoveryJerseyProvider [restartedMain] Using JSON encoding codec LegacyJacksonJson
2022-02-21 10:00:58,550 INFO com.netflix.discovery.provider.DiscoveryJerseyProvider [restartedMain] Using JSON decoding codec LegacyJacksonJson
2022-02-21 10:00:58,775 INFO com.netflix.discovery.provider.DiscoveryJerseyProvider [restartedMain] Using XML encoding codec XStreamXml
2022-02-21 10:00:58,776 INFO com.netflix.discovery.provider.DiscoveryJerseyProvider [restartedMain] Using XML decoding codec XStreamXml
2022-02-21 10:01:00,477 INFO org.springframework.boot.devtools.autoconfigure.OptionalLiveReloadServer [restartedMain] LiveReload server is running on port 35729
2022-02-21 10:01:00,699 INFO org.springframework.cloud.netflix.eureka.config.DiscoveryClientOptionalArgsConfiguration [restartedMain] Eureka HTTP Client uses Jersey
2022-02-21 10:01:00,760 WARN org.springframework.cloud.loadbalancer.config.LoadBalancerCacheAutoConfiguration$LoadBalancerCaffeineWarnLogger [restartedMain] Spring Cloud LoadBalancer is currently working with the default cache. While this cache implementation is useful for development and tests, it's recommended to use Caffeine cache in production.You can switch to using Caffeine cache, by adding it and org.springframework.cache.caffeine.CaffeineCacheManager to the classpath.
2022-02-21 10:01:00,783 INFO org.springframework.cloud.netflix.eureka.InstanceInfoFactory [restartedMain] Setting initial instance status as: STARTING
2022-02-21 10:01:00,828 INFO com.netflix.discovery.DiscoveryClient [restartedMain] Initializing Eureka in region us-east-1
2022-02-21 10:01:00,829 INFO com.netflix.discovery.DiscoveryClient [restartedMain] Client configured to neither register nor query for data.
2022-02-21 10:01:00,841 INFO com.netflix.discovery.DiscoveryClient [restartedMain] Discovery Client initialized at timestamp 1645455660839 with initial instances count: 0
2022-02-21 10:01:00,903 INFO com.netflix.eureka.DefaultEurekaServerContext [restartedMain] Initializing ...
2022-02-21 10:01:00,905 INFO com.netflix.eureka.cluster.PeerEurekaNodes [restartedMain] Adding new peer nodes [http://localhost:8761/eureka/]
2022-02-21 10:01:01,099 INFO com.netflix.discovery.provider.DiscoveryJerseyProvider [restartedMain] Using JSON encoding codec LegacyJacksonJson
2022-02-21 10:01:01,099 INFO com.netflix.discovery.provider.DiscoveryJerseyProvider [restartedMain] Using JSON decoding codec LegacyJacksonJson
2022-02-21 10:01:01,099 INFO com.netflix.discovery.provider.DiscoveryJerseyProvider [restartedMain] Using XML encoding codec XStreamXml
2022-02-21 10:01:01,099 INFO com.netflix.discovery.provider.DiscoveryJerseyProvider [restartedMain] Using XML decoding codec XStreamXml
2022-02-21 10:01:01,392 INFO com.netflix.eureka.cluster.PeerEurekaNodes [restartedMain] Replica node URL:  http://localhost:8761/eureka/
2022-02-21 10:01:01,454 INFO com.netflix.eureka.registry.AbstractInstanceRegistry [restartedMain] Finished initializing remote region registries. All known remote regions: []
2022-02-21 10:01:01,472 INFO com.netflix.eureka.DefaultEurekaServerContext [restartedMain] Initialized
2022-02-21 10:01:01,482 INFO org.springframework.boot.actuate.endpoint.web.EndpointLinksResolver [restartedMain] Exposing 1 endpoint(s) beneath base path '/actuator'
2022-02-21 10:01:01,587 INFO org.springframework.cloud.netflix.eureka.serviceregistry.EurekaServiceRegistry [restartedMain] Registering application API-EUREKA-SERVER with eureka with status UP
2022-02-21 10:01:01,592 INFO org.springframework.cloud.netflix.eureka.server.EurekaServerBootstrap [Thread-15] Setting the eureka configuration..
2022-02-21 10:01:01,592 INFO org.apache.juli.logging.DirectJDKLog [restartedMain] Starting ProtocolHandler ["http-nio-8761"]
2022-02-21 10:01:01,604 INFO org.springframework.cloud.netflix.eureka.server.EurekaServerBootstrap [Thread-15] isAws returned false
2022-02-21 10:01:01,604 INFO org.springframework.cloud.netflix.eureka.server.EurekaServerBootstrap [Thread-15] Initialized server context
2022-02-21 10:01:01,605 INFO com.netflix.eureka.registry.PeerAwareInstanceRegistryImpl [Thread-15] Got 1 instances from neighboring DS node
2022-02-21 10:01:01,605 INFO com.netflix.eureka.registry.PeerAwareInstanceRegistryImpl [Thread-15] Renew threshold is: 1
2022-02-21 10:01:01,606 INFO com.netflix.eureka.registry.PeerAwareInstanceRegistryImpl [Thread-15] Changing status to UP
2022-02-21 10:01:01,660 INFO org.springframework.boot.web.embedded.tomcat.TomcatWebServer [restartedMain] Tomcat started on port(s): 8761 (http) with context path ''
2022-02-21 10:01:01,661 INFO org.springframework.cloud.netflix.eureka.serviceregistry.EurekaAutoServiceRegistration [restartedMain] Updating port to 8761
2022-02-21 10:01:01,709 INFO org.springframework.cloud.netflix.eureka.server.EurekaServerInitializerConfiguration [Thread-15] Started Eureka Server
2022-02-21 10:01:01,907 INFO org.springframework.boot.StartupInfoLogger [restartedMain] Started EurekaServerApplication in 7.76 seconds (JVM running for 9.241)
2022-02-21 10:01:24,118 INFO org.apache.juli.logging.DirectJDKLog [http-nio-8761-exec-1] Initializing Spring DispatcherServlet 'dispatcherServlet'
2022-02-21 10:01:24,119 INFO org.springframework.web.servlet.FrameworkServlet [http-nio-8761-exec-1] Initializing Servlet 'dispatcherServlet'
2022-02-21 10:01:24,122 INFO org.springframework.web.servlet.FrameworkServlet [http-nio-8761-exec-1] Completed initialization in 3 ms
2022-02-21 10:01:24,588 INFO com.netflix.eureka.registry.AbstractInstanceRegistry [http-nio-8761-exec-2] Registered instance API-PRODUCTOS/api-productos:9447c708514dc047fc5ffdbc4f30c550 with status UP (replication=false)
2022-02-21 10:01:25,334 INFO com.netflix.eureka.registry.AbstractInstanceRegistry [http-nio-8761-exec-3] Registered instance API-PRODUCTOS/api-productos:9447c708514dc047fc5ffdbc4f30c550 with status UP (replication=true)
2022-02-21 10:01:44,619 INFO com.netflix.eureka.registry.AbstractInstanceRegistry [http-nio-8761-exec-4] Registered instance API-PRODUCTOS/api-productos:9447c708514dc047fc5ffdbc4f30c550 with status DOWN (replication=false)
2022-02-21 10:01:45,127 INFO com.netflix.eureka.registry.AbstractInstanceRegistry [http-nio-8761-exec-5] Registered instance API-PRODUCTOS/api-productos:9447c708514dc047fc5ffdbc4f30c550 with status DOWN (replication=true)
2022-02-21 10:01:47,963 INFO com.netflix.eureka.registry.AbstractInstanceRegistry [http-nio-8761-exec-6] Cancelled instance API-PRODUCTOS/api-productos:9447c708514dc047fc5ffdbc4f30c550 (replication=false)
2022-02-21 10:01:48,486 WARN com.netflix.eureka.registry.AbstractInstanceRegistry [http-nio-8761-exec-7] DS: Registry: cancel failed because Lease is not registered for: API-PRODUCTOS/api-productos:9447c708514dc047fc5ffdbc4f30c550
2022-02-21 10:01:48,488 INFO com.netflix.eureka.resources.InstanceResource [http-nio-8761-exec-7] Not Found (Cancel): API-PRODUCTOS - api-productos:9447c708514dc047fc5ffdbc4f30c550
2022-02-21 10:01:48,493 WARN com.netflix.eureka.cluster.ReplicationTask [TaskBatchingWorker-target_localhost-18] The replication of task API-PRODUCTOS/api-productos:9447c708514dc047fc5ffdbc4f30c550:Cancel@localhost failed with response code 404
2022-02-21 10:01:48,494 WARN com.netflix.eureka.cluster.PeerEurekaNode$2 [TaskBatchingWorker-target_localhost-18] API-PRODUCTOS/api-productos:9447c708514dc047fc5ffdbc4f30c550:Cancel@localhost: missing entry.
2022-02-21 10:02:01,615 INFO com.netflix.eureka.registry.AbstractInstanceRegistry$EvictionTask [Eureka-EvictionTimer] Running the evict task with compensationTime 0ms
2022-02-21 10:02:11,550 INFO com.netflix.eureka.registry.AbstractInstanceRegistry [http-nio-8761-exec-1] Registered instance API-PRODUCTOS/api-productos:632b90dd163aaf95bd4e29ffd0108ea6 with status UP (replication=false)
2022-02-21 10:02:12,063 INFO com.netflix.eureka.registry.AbstractInstanceRegistry [http-nio-8761-exec-2] Registered instance API-PRODUCTOS/api-productos:632b90dd163aaf95bd4e29ffd0108ea6 with status UP (replication=true)
2022-02-21 10:02:27,076 INFO com.netflix.eureka.registry.AbstractInstanceRegistry [http-nio-8761-exec-4] Registered instance API-PRODUCTOS/api-productos:447403a25e178ad7161b26e05840e834 with status UP (replication=false)
2022-02-21 10:02:27,590 INFO com.netflix.eureka.registry.AbstractInstanceRegistry [http-nio-8761-exec-5] Registered instance API-PRODUCTOS/api-productos:447403a25e178ad7161b26e05840e834 with status UP (replication=true)
2022-02-21 10:02:52,338 INFO com.netflix.eureka.registry.AbstractInstanceRegistry [http-nio-8761-exec-10] Registered instance API-ARTICULOS/host.docker.internal:api-articulos:8002 with status UP (replication=false)
2022-02-21 10:02:52,859 INFO com.netflix.eureka.registry.AbstractInstanceRegistry [http-nio-8761-exec-1] Registered instance API-ARTICULOS/host.docker.internal:api-articulos:8002 with status UP (replication=true)
2022-02-21 10:03:01,616 INFO com.netflix.eureka.registry.AbstractInstanceRegistry$EvictionTask [Eureka-EvictionTimer] Running the evict task with compensationTime 1ms
2022-02-21 10:03:18,815 INFO com.netflix.eureka.registry.AbstractInstanceRegistry [http-nio-8761-exec-5] Registered instance API-PRODUCTOS/api-productos:3a30488a9cd5250503ac19db68840a25 with status UP (replication=false)
2022-02-21 10:03:19,334 INFO com.netflix.eureka.registry.AbstractInstanceRegistry [http-nio-8761-exec-7] Registered instance API-PRODUCTOS/api-productos:3a30488a9cd5250503ac19db68840a25 with status UP (replication=true)
2022-02-21 10:04:01,617 INFO com.netflix.eureka.registry.AbstractInstanceRegistry$EvictionTask [Eureka-EvictionTimer] Running the evict task with compensationTime 0ms
2022-02-21 10:05:01,617 INFO com.netflix.eureka.registry.AbstractInstanceRegistry$EvictionTask [Eureka-EvictionTimer] Running the evict task with compensationTime 0ms
2022-02-21 10:06:01,617 INFO com.netflix.eureka.registry.AbstractInstanceRegistry$EvictionTask [Eureka-EvictionTimer] Running the evict task with compensationTime 0ms
2022-02-21 10:07:01,618 INFO com.netflix.eureka.registry.AbstractInstanceRegistry$EvictionTask [Eureka-EvictionTimer] Running the evict task with compensationTime 0ms
2022-02-21 10:08:01,618 INFO com.netflix.eureka.registry.AbstractInstanceRegistry$EvictionTask [Eureka-EvictionTimer] Running the evict task with compensationTime 0ms
2022-02-21 10:09:01,618 INFO com.netflix.eureka.registry.AbstractInstanceRegistry$EvictionTask [Eureka-EvictionTimer] Running the evict task with compensationTime 0ms
2022-02-21 10:10:01,618 INFO com.netflix.eureka.registry.AbstractInstanceRegistry$EvictionTask [Eureka-EvictionTimer] Running the evict task with compensationTime 0ms
2022-02-21 10:11:01,619 INFO com.netflix.eureka.registry.AbstractInstanceRegistry$EvictionTask [Eureka-EvictionTimer] Running the evict task with compensationTime 0ms
2022-02-21 10:11:06,375 INFO org.springframework.boot.admin.SpringApplicationAdminMXBeanRegistrar$SpringApplicationAdmin [RMI TCP Connection(19)-127.0.0.1] Application shutdown requested.
2022-02-21 10:11:06,379 INFO org.springframework.cloud.netflix.eureka.serviceregistry.EurekaServiceRegistry [RMI TCP Connection(19)-127.0.0.1] Unregistering application API-EUREKA-SERVER with eureka with status DOWN
2022-02-21 10:11:06,389 INFO com.netflix.eureka.registry.AbstractInstanceRegistry [http-nio-8761-exec-9] Registered instance API-PRODUCTOS/api-productos:632b90dd163aaf95bd4e29ffd0108ea6 with status DOWN (replication=false)
2022-02-21 10:11:06,394 INFO com.netflix.eureka.registry.AbstractInstanceRegistry [http-nio-8761-exec-2] Registered instance API-ARTICULOS/host.docker.internal:api-articulos:8002 with status DOWN (replication=false)
2022-02-21 10:11:06,442 INFO org.springframework.cloud.netflix.eureka.server.EurekaServerBootstrap [RMI TCP Connection(19)-127.0.0.1] Shutting down Eureka Server..
2022-02-21 10:11:06,524 INFO com.netflix.eureka.DefaultEurekaServerContext [RMI TCP Connection(19)-127.0.0.1] Shutting down ...
2022-02-21 10:11:06,949 INFO com.netflix.eureka.DefaultEurekaServerContext [RMI TCP Connection(19)-127.0.0.1] Shut down
2022-02-21 10:11:06,949 INFO org.springframework.cloud.netflix.eureka.server.EurekaServerBootstrap [RMI TCP Connection(19)-127.0.0.1] Eureka Service is now shutdown...
2022-02-21 10:11:06,950 INFO com.netflix.eureka.DefaultEurekaServerContext [RMI TCP Connection(19)-127.0.0.1] Shutting down ...
2022-02-21 10:11:07,129 INFO com.netflix.eureka.DefaultEurekaServerContext [RMI TCP Connection(19)-127.0.0.1] Shut down
2022-02-21 10:11:07,242 INFO com.netflix.discovery.DiscoveryClient [RMI TCP Connection(19)-127.0.0.1] Shutting down DiscoveryClient ...
2022-02-21 10:11:07,266 INFO com.netflix.discovery.DiscoveryClient [RMI TCP Connection(19)-127.0.0.1] Completed shut down of DiscoveryClient
2022-02-21 10:23:32,142 INFO org.springframework.boot.StartupInfoLogger [restartedMain] Starting EurekaServerApplication using Java 17 on LAPTOP-ENK3FB65 with PID 12004 (C:\WorkspaceSTS\EurekaServer\target\classes started by 002292661 in C:\WorkspaceSTS\EurekaServer)
2022-02-21 10:23:32,159 INFO org.springframework.boot.SpringApplication [restartedMain] No active profile set, falling back to default profiles: default
2022-02-21 10:23:32,244 INFO org.springframework.boot.logging.DeferredLog [restartedMain] Devtools property defaults active! Set 'spring.devtools.add-properties' to 'false' to disable
2022-02-21 10:23:32,244 INFO org.springframework.boot.logging.DeferredLog [restartedMain] For additional web related logging consider setting the 'logging.level.web' property to 'DEBUG'
2022-02-21 10:23:34,385 INFO org.springframework.cloud.context.scope.GenericScope [restartedMain] BeanFactory id=e76cde05-6ecc-31f7-8d36-ab3f721c8cb7
2022-02-21 10:23:35,253 INFO org.springframework.boot.web.embedded.tomcat.TomcatWebServer [restartedMain] Tomcat initialized with port(s): 8761 (http)
2022-02-21 10:23:35,272 INFO org.apache.juli.logging.DirectJDKLog [restartedMain] Initializing ProtocolHandler ["http-nio-8761"]
2022-02-21 10:23:35,273 INFO org.apache.juli.logging.DirectJDKLog [restartedMain] Starting service [Tomcat]
2022-02-21 10:23:35,274 INFO org.apache.juli.logging.DirectJDKLog [restartedMain] Starting Servlet engine: [Apache Tomcat/9.0.56]
2022-02-21 10:23:35,496 INFO org.apache.juli.logging.DirectJDKLog [restartedMain] Initializing Spring embedded WebApplicationContext
2022-02-21 10:23:35,497 INFO org.springframework.boot.web.servlet.context.ServletWebServerApplicationContext [restartedMain] Root WebApplicationContext: initialization completed in 3252 ms
2022-02-21 10:23:36,336 INFO com.sun.jersey.server.impl.application.WebApplicationImpl [restartedMain] Initiating Jersey application, version 'Jersey: 1.19.4 05/24/2017 03:20 PM'
2022-02-21 10:23:36,431 INFO com.netflix.discovery.provider.DiscoveryJerseyProvider [restartedMain] Using JSON encoding codec LegacyJacksonJson
2022-02-21 10:23:36,432 INFO com.netflix.discovery.provider.DiscoveryJerseyProvider [restartedMain] Using JSON decoding codec LegacyJacksonJson
2022-02-21 10:23:36,719 INFO com.netflix.discovery.provider.DiscoveryJerseyProvider [restartedMain] Using XML encoding codec XStreamXml
2022-02-21 10:23:36,720 INFO com.netflix.discovery.provider.DiscoveryJerseyProvider [restartedMain] Using XML decoding codec XStreamXml
2022-02-21 10:23:39,138 INFO org.springframework.boot.devtools.autoconfigure.OptionalLiveReloadServer [restartedMain] LiveReload server is running on port 35729
2022-02-21 10:23:39,439 INFO org.springframework.cloud.netflix.eureka.config.DiscoveryClientOptionalArgsConfiguration [restartedMain] Eureka HTTP Client uses Jersey
2022-02-21 10:23:39,516 WARN org.springframework.cloud.loadbalancer.config.LoadBalancerCacheAutoConfiguration$LoadBalancerCaffeineWarnLogger [restartedMain] Spring Cloud LoadBalancer is currently working with the default cache. While this cache implementation is useful for development and tests, it's recommended to use Caffeine cache in production.You can switch to using Caffeine cache, by adding it and org.springframework.cache.caffeine.CaffeineCacheManager to the classpath.
2022-02-21 10:23:39,536 INFO org.springframework.cloud.netflix.eureka.InstanceInfoFactory [restartedMain] Setting initial instance status as: STARTING
2022-02-21 10:23:39,591 INFO com.netflix.discovery.DiscoveryClient [restartedMain] Initializing Eureka in region us-east-1
2022-02-21 10:23:39,592 INFO com.netflix.discovery.DiscoveryClient [restartedMain] Client configured to neither register nor query for data.
2022-02-21 10:23:39,610 INFO com.netflix.discovery.DiscoveryClient [restartedMain] Discovery Client initialized at timestamp 1645457019607 with initial instances count: 0
2022-02-21 10:23:39,672 INFO com.netflix.eureka.DefaultEurekaServerContext [restartedMain] Initializing ...
2022-02-21 10:23:39,678 INFO com.netflix.eureka.cluster.PeerEurekaNodes [restartedMain] Adding new peer nodes [http://localhost:8761/eureka/]
2022-02-21 10:23:40,012 INFO com.netflix.discovery.provider.DiscoveryJerseyProvider [restartedMain] Using JSON encoding codec LegacyJacksonJson
2022-02-21 10:23:40,013 INFO com.netflix.discovery.provider.DiscoveryJerseyProvider [restartedMain] Using JSON decoding codec LegacyJacksonJson
2022-02-21 10:23:40,014 INFO com.netflix.discovery.provider.DiscoveryJerseyProvider [restartedMain] Using XML encoding codec XStreamXml
2022-02-21 10:23:40,014 INFO com.netflix.discovery.provider.DiscoveryJerseyProvider [restartedMain] Using XML decoding codec XStreamXml
2022-02-21 10:23:40,529 INFO com.netflix.eureka.cluster.PeerEurekaNodes [restartedMain] Replica node URL:  http://localhost:8761/eureka/
2022-02-21 10:23:40,604 INFO com.netflix.eureka.registry.AbstractInstanceRegistry [restartedMain] Finished initializing remote region registries. All known remote regions: []
2022-02-21 10:23:40,625 INFO com.netflix.eureka.DefaultEurekaServerContext [restartedMain] Initialized
2022-02-21 10:23:40,639 INFO org.springframework.boot.actuate.endpoint.web.EndpointLinksResolver [restartedMain] Exposing 1 endpoint(s) beneath base path '/actuator'
2022-02-21 10:23:40,804 INFO org.springframework.cloud.netflix.eureka.serviceregistry.EurekaServiceRegistry [restartedMain] Registering application API-EUREKA-SERVER with eureka with status UP
2022-02-21 10:23:40,810 INFO org.springframework.cloud.netflix.eureka.server.EurekaServerBootstrap [Thread-15] Setting the eureka configuration..
2022-02-21 10:23:40,810 INFO org.apache.juli.logging.DirectJDKLog [restartedMain] Starting ProtocolHandler ["http-nio-8761"]
2022-02-21 10:23:40,834 INFO org.springframework.cloud.netflix.eureka.server.EurekaServerBootstrap [Thread-15] isAws returned false
2022-02-21 10:23:40,834 INFO org.springframework.cloud.netflix.eureka.server.EurekaServerBootstrap [Thread-15] Initialized server context
2022-02-21 10:23:40,835 INFO com.netflix.eureka.registry.PeerAwareInstanceRegistryImpl [Thread-15] Got 1 instances from neighboring DS node
2022-02-21 10:23:40,835 INFO com.netflix.eureka.registry.PeerAwareInstanceRegistryImpl [Thread-15] Renew threshold is: 1
2022-02-21 10:23:40,836 INFO com.netflix.eureka.registry.PeerAwareInstanceRegistryImpl [Thread-15] Changing status to UP
2022-02-21 10:23:40,874 INFO org.springframework.boot.web.embedded.tomcat.TomcatWebServer [restartedMain] Tomcat started on port(s): 8761 (http) with context path ''
2022-02-21 10:23:40,877 INFO org.springframework.cloud.netflix.eureka.serviceregistry.EurekaAutoServiceRegistration [restartedMain] Updating port to 8761
2022-02-21 10:23:40,972 INFO org.springframework.cloud.netflix.eureka.server.EurekaServerInitializerConfiguration [Thread-15] Started Eureka Server
2022-02-21 10:23:41,217 INFO org.springframework.boot.StartupInfoLogger [restartedMain] Started EurekaServerApplication in 10.214 seconds (JVM running for 12.633)
2022-02-21 10:23:41,601 INFO org.apache.juli.logging.DirectJDKLog [RMI TCP Connection(3)-127.0.0.1] Initializing Spring DispatcherServlet 'dispatcherServlet'
2022-02-21 10:23:41,602 INFO org.springframework.web.servlet.FrameworkServlet [RMI TCP Connection(3)-127.0.0.1] Initializing Servlet 'dispatcherServlet'
2022-02-21 10:23:41,604 INFO org.springframework.web.servlet.FrameworkServlet [RMI TCP Connection(3)-127.0.0.1] Completed initialization in 2 ms
2022-02-21 10:24:24,014 INFO com.netflix.eureka.registry.AbstractInstanceRegistry [http-nio-8761-exec-2] Registered instance API-PRODUCTOS/api-productos:3da983c6e29114decb26cdc393118daf with status UP (replication=false)
2022-02-21 10:24:24,751 INFO com.netflix.eureka.registry.AbstractInstanceRegistry [http-nio-8761-exec-3] Registered instance API-PRODUCTOS/api-productos:3da983c6e29114decb26cdc393118daf with status UP (replication=true)
2022-02-21 10:24:40,837 INFO com.netflix.eureka.registry.AbstractInstanceRegistry$EvictionTask [Eureka-EvictionTimer] Running the evict task with compensationTime 0ms
2022-02-21 10:24:47,135 INFO com.netflix.eureka.registry.AbstractInstanceRegistry [http-nio-8761-exec-6] Registered instance API-ARTICULOS/host.docker.internal:api-articulos:8002 with status UP (replication=false)
2022-02-21 10:24:47,653 INFO com.netflix.eureka.registry.AbstractInstanceRegistry [http-nio-8761-exec-7] Registered instance API-ARTICULOS/host.docker.internal:api-articulos:8002 with status UP (replication=true)
2022-02-21 10:25:40,838 INFO com.netflix.eureka.registry.AbstractInstanceRegistry$EvictionTask [Eureka-EvictionTimer] Running the evict task with compensationTime 0ms
2022-02-21 10:26:40,839 INFO com.netflix.eureka.registry.AbstractInstanceRegistry$EvictionTask [Eureka-EvictionTimer] Running the evict task with compensationTime 0ms
2022-02-21 10:27:40,840 INFO com.netflix.eureka.registry.AbstractInstanceRegistry$EvictionTask [Eureka-EvictionTimer] Running the evict task with compensationTime 0ms
2022-02-21 10:27:54,131 INFO com.netflix.eureka.registry.AbstractInstanceRegistry [http-nio-8761-exec-6] Registered instance API-ARTICULOS/host.docker.internal:api-articulos:8002 with status DOWN (replication=false)
2022-02-21 10:27:54,390 INFO com.netflix.eureka.registry.AbstractInstanceRegistry [http-nio-8761-exec-5] Registered instance API-ARTICULOS/host.docker.internal:api-articulos:8002 with status DOWN (replication=true)
2022-02-21 10:27:55,713 INFO org.springframework.boot.admin.SpringApplicationAdminMXBeanRegistrar$SpringApplicationAdmin [RMI TCP Connection(16)-127.0.0.1] Application shutdown requested.
2022-02-21 10:27:55,715 INFO org.springframework.cloud.netflix.eureka.serviceregistry.EurekaServiceRegistry [RMI TCP Connection(16)-127.0.0.1] Unregistering application API-EUREKA-SERVER with eureka with status DOWN
2022-02-21 10:27:55,753 INFO org.springframework.cloud.netflix.eureka.server.EurekaServerBootstrap [RMI TCP Connection(16)-127.0.0.1] Shutting down Eureka Server..
2022-02-21 10:27:55,838 INFO com.netflix.eureka.DefaultEurekaServerContext [RMI TCP Connection(16)-127.0.0.1] Shutting down ...
2022-02-21 10:27:56,246 INFO com.netflix.eureka.DefaultEurekaServerContext [RMI TCP Connection(16)-127.0.0.1] Shut down
2022-02-21 10:27:56,247 INFO org.springframework.cloud.netflix.eureka.server.EurekaServerBootstrap [RMI TCP Connection(16)-127.0.0.1] Eureka Service is now shutdown...
2022-02-21 10:27:56,247 INFO com.netflix.eureka.DefaultEurekaServerContext [RMI TCP Connection(16)-127.0.0.1] Shutting down ...
2022-02-21 10:27:56,391 INFO com.netflix.eureka.DefaultEurekaServerContext [RMI TCP Connection(16)-127.0.0.1] Shut down
2022-02-21 10:27:56,458 INFO com.netflix.discovery.DiscoveryClient [RMI TCP Connection(16)-127.0.0.1] Shutting down DiscoveryClient ...
2022-02-21 10:27:56,474 INFO com.netflix.discovery.DiscoveryClient [RMI TCP Connection(16)-127.0.0.1] Completed shut down of DiscoveryClient
2022-02-21 10:28:19,437 INFO org.springframework.boot.StartupInfoLogger [restartedMain] Starting EurekaServerApplication using Java 17 on LAPTOP-ENK3FB65 with PID 17200 (C:\WorkspaceSTS\EurekaServer\target\classes started by 002292661 in C:\WorkspaceSTS\EurekaServer)
2022-02-21 10:28:19,442 INFO org.springframework.boot.SpringApplication [restartedMain] No active profile set, falling back to default profiles: default
2022-02-21 10:28:19,500 INFO org.springframework.boot.logging.DeferredLog [restartedMain] Devtools property defaults active! Set 'spring.devtools.add-properties' to 'false' to disable
2022-02-21 10:28:19,501 INFO org.springframework.boot.logging.DeferredLog [restartedMain] For additional web related logging consider setting the 'logging.level.web' property to 'DEBUG'
2022-02-21 10:28:20,973 INFO org.springframework.cloud.context.scope.GenericScope [restartedMain] BeanFactory id=e76cde05-6ecc-31f7-8d36-ab3f721c8cb7
2022-02-21 10:28:21,644 INFO org.springframework.boot.web.embedded.tomcat.TomcatWebServer [restartedMain] Tomcat initialized with port(s): 8761 (http)
2022-02-21 10:28:21,664 INFO org.apache.juli.logging.DirectJDKLog [restartedMain] Initializing ProtocolHandler ["http-nio-8761"]
2022-02-21 10:28:21,665 INFO org.apache.juli.logging.DirectJDKLog [restartedMain] Starting service [Tomcat]
2022-02-21 10:28:21,666 INFO org.apache.juli.logging.DirectJDKLog [restartedMain] Starting Servlet engine: [Apache Tomcat/9.0.56]
2022-02-21 10:28:21,814 INFO org.apache.juli.logging.DirectJDKLog [restartedMain] Initializing Spring embedded WebApplicationContext
2022-02-21 10:28:21,815 INFO org.springframework.boot.web.servlet.context.ServletWebServerApplicationContext [restartedMain] Root WebApplicationContext: initialization completed in 2313 ms
2022-02-21 10:28:22,369 INFO com.sun.jersey.server.impl.application.WebApplicationImpl [restartedMain] Initiating Jersey application, version 'Jersey: 1.19.4 05/24/2017 03:20 PM'
2022-02-21 10:28:22,458 INFO com.netflix.discovery.provider.DiscoveryJerseyProvider [restartedMain] Using JSON encoding codec LegacyJacksonJson
2022-02-21 10:28:22,461 INFO com.netflix.discovery.provider.DiscoveryJerseyProvider [restartedMain] Using JSON decoding codec LegacyJacksonJson
2022-02-21 10:28:22,701 INFO com.netflix.discovery.provider.DiscoveryJerseyProvider [restartedMain] Using XML encoding codec XStreamXml
2022-02-21 10:28:22,702 INFO com.netflix.discovery.provider.DiscoveryJerseyProvider [restartedMain] Using XML decoding codec XStreamXml
2022-02-21 10:28:24,482 INFO org.springframework.boot.devtools.autoconfigure.OptionalLiveReloadServer [restartedMain] LiveReload server is running on port 35729
2022-02-21 10:28:24,732 INFO org.springframework.cloud.netflix.eureka.config.DiscoveryClientOptionalArgsConfiguration [restartedMain] Eureka HTTP Client uses Jersey
2022-02-21 10:28:24,800 WARN org.springframework.cloud.loadbalancer.config.LoadBalancerCacheAutoConfiguration$LoadBalancerCaffeineWarnLogger [restartedMain] Spring Cloud LoadBalancer is currently working with the default cache. While this cache implementation is useful for development and tests, it's recommended to use Caffeine cache in production.You can switch to using Caffeine cache, by adding it and org.springframework.cache.caffeine.CaffeineCacheManager to the classpath.
2022-02-21 10:28:24,821 INFO org.springframework.cloud.netflix.eureka.InstanceInfoFactory [restartedMain] Setting initial instance status as: STARTING
2022-02-21 10:28:24,822 INFO org.apache.juli.logging.DirectJDKLog [RMI TCP Connection(3)-127.0.0.1] Initializing Spring DispatcherServlet 'dispatcherServlet'
2022-02-21 10:28:24,822 INFO org.springframework.web.servlet.FrameworkServlet [RMI TCP Connection(3)-127.0.0.1] Initializing Servlet 'dispatcherServlet'
2022-02-21 10:28:24,869 INFO com.netflix.discovery.DiscoveryClient [restartedMain] Initializing Eureka in region us-east-1
2022-02-21 10:28:24,870 INFO com.netflix.discovery.DiscoveryClient [restartedMain] Client configured to neither register nor query for data.
2022-02-21 10:28:24,889 INFO com.netflix.discovery.DiscoveryClient [restartedMain] Discovery Client initialized at timestamp 1645457304887 with initial instances count: 0
2022-02-21 10:28:24,946 INFO com.netflix.eureka.DefaultEurekaServerContext [restartedMain] Initializing ...
2022-02-21 10:28:24,948 INFO com.netflix.eureka.cluster.PeerEurekaNodes [restartedMain] Adding new peer nodes [http://localhost:8761/eureka/]
2022-02-21 10:28:25,113 INFO com.netflix.discovery.provider.DiscoveryJerseyProvider [restartedMain] Using JSON encoding codec LegacyJacksonJson
2022-02-21 10:28:25,114 INFO com.netflix.discovery.provider.DiscoveryJerseyProvider [restartedMain] Using JSON decoding codec LegacyJacksonJson
2022-02-21 10:28:25,114 INFO com.netflix.discovery.provider.DiscoveryJerseyProvider [restartedMain] Using XML encoding codec XStreamXml
2022-02-21 10:28:25,114 INFO com.netflix.discovery.provider.DiscoveryJerseyProvider [restartedMain] Using XML decoding codec XStreamXml
2022-02-21 10:28:25,368 INFO com.netflix.eureka.cluster.PeerEurekaNodes [restartedMain] Replica node URL:  http://localhost:8761/eureka/
2022-02-21 10:28:25,403 INFO com.netflix.eureka.registry.AbstractInstanceRegistry [restartedMain] Finished initializing remote region registries. All known remote regions: []
2022-02-21 10:28:25,412 INFO com.netflix.eureka.DefaultEurekaServerContext [restartedMain] Initialized
2022-02-21 10:28:25,416 INFO org.springframework.boot.actuate.endpoint.web.EndpointLinksResolver [RMI TCP Connection(3)-127.0.0.1] Exposing 1 endpoint(s) beneath base path '/actuator'
2022-02-21 10:28:25,424 INFO org.springframework.web.servlet.FrameworkServlet [RMI TCP Connection(3)-127.0.0.1] Completed initialization in 602 ms
2022-02-21 10:28:25,556 INFO org.springframework.cloud.netflix.eureka.serviceregistry.EurekaServiceRegistry [restartedMain] Registering application API-EUREKA-SERVER with eureka with status UP
2022-02-21 10:28:25,561 INFO org.apache.juli.logging.DirectJDKLog [restartedMain] Starting ProtocolHandler ["http-nio-8761"]
2022-02-21 10:28:25,563 INFO org.springframework.cloud.netflix.eureka.server.EurekaServerBootstrap [Thread-15] Setting the eureka configuration..
2022-02-21 10:28:25,585 INFO org.springframework.cloud.netflix.eureka.server.EurekaServerBootstrap [Thread-15] isAws returned false
2022-02-21 10:28:25,586 INFO org.springframework.cloud.netflix.eureka.server.EurekaServerBootstrap [Thread-15] Initialized server context
2022-02-21 10:28:25,587 INFO com.netflix.eureka.registry.PeerAwareInstanceRegistryImpl [Thread-15] Got 1 instances from neighboring DS node
2022-02-21 10:28:25,587 INFO com.netflix.eureka.registry.PeerAwareInstanceRegistryImpl [Thread-15] Renew threshold is: 1
2022-02-21 10:28:25,587 INFO com.netflix.eureka.registry.PeerAwareInstanceRegistryImpl [Thread-15] Changing status to UP
2022-02-21 10:28:25,642 INFO org.springframework.boot.web.embedded.tomcat.TomcatWebServer [restartedMain] Tomcat started on port(s): 8761 (http) with context path ''
2022-02-21 10:28:25,644 INFO org.springframework.cloud.netflix.eureka.serviceregistry.EurekaAutoServiceRegistration [restartedMain] Updating port to 8761
2022-02-21 10:28:25,706 INFO org.springframework.cloud.netflix.eureka.server.EurekaServerInitializerConfiguration [Thread-15] Started Eureka Server
2022-02-21 10:28:25,861 INFO org.springframework.boot.StartupInfoLogger [restartedMain] Started EurekaServerApplication in 7.173 seconds (JVM running for 8.803)
2022-02-21 10:28:54,795 INFO com.netflix.eureka.registry.AbstractInstanceRegistry [http-nio-8761-exec-2] Registered instance API-PRODUCTOS/api-productos:e002887013bf08b7362830f8839cf45a with status UP (replication=false)
2022-02-21 10:28:55,413 INFO com.netflix.eureka.registry.AbstractInstanceRegistry [http-nio-8761-exec-3] Registered instance API-PRODUCTOS/api-productos:e002887013bf08b7362830f8839cf45a with status UP (replication=true)
2022-02-21 10:29:11,095 INFO com.netflix.eureka.registry.AbstractInstanceRegistry [http-nio-8761-exec-5] Registered instance API-ARTICULOS/host.docker.internal:api-articulos:8002 with status UP (replication=false)
2022-02-21 10:29:11,610 INFO com.netflix.eureka.registry.AbstractInstanceRegistry [http-nio-8761-exec-6] Registered instance API-ARTICULOS/host.docker.internal:api-articulos:8002 with status UP (replication=true)
2022-02-21 10:29:25,589 INFO com.netflix.eureka.registry.AbstractInstanceRegistry$EvictionTask [Eureka-EvictionTimer] Running the evict task with compensationTime 0ms
2022-02-21 10:30:01,333 INFO com.netflix.eureka.registry.AbstractInstanceRegistry [http-nio-8761-exec-6] Registered instance API-ARTICULOS/host.docker.internal:api-articulos:8002 with status DOWN (replication=false)
2022-02-21 10:30:01,847 INFO com.netflix.eureka.registry.AbstractInstanceRegistry [http-nio-8761-exec-7] Registered instance API-ARTICULOS/host.docker.internal:api-articulos:8002 with status DOWN (replication=true)
2022-02-21 10:30:04,437 INFO com.netflix.eureka.registry.AbstractInstanceRegistry [http-nio-8761-exec-8] Cancelled instance API-ARTICULOS/host.docker.internal:api-articulos:8002 (replication=false)
2022-02-21 10:30:04,952 WARN com.netflix.eureka.registry.AbstractInstanceRegistry [http-nio-8761-exec-1] DS: Registry: cancel failed because Lease is not registered for: API-ARTICULOS/host.docker.internal:api-articulos:8002
2022-02-21 10:30:04,953 INFO com.netflix.eureka.resources.InstanceResource [http-nio-8761-exec-1] Not Found (Cancel): API-ARTICULOS - host.docker.internal:api-articulos:8002
2022-02-21 10:30:04,955 WARN com.netflix.eureka.cluster.ReplicationTask [TaskBatchingWorker-target_localhost-0] The replication of task API-ARTICULOS/host.docker.internal:api-articulos:8002:Cancel@localhost failed with response code 404
2022-02-21 10:30:04,955 WARN com.netflix.eureka.cluster.PeerEurekaNode$2 [TaskBatchingWorker-target_localhost-0] API-ARTICULOS/host.docker.internal:api-articulos:8002:Cancel@localhost: missing entry.
2022-02-21 10:30:25,590 INFO com.netflix.eureka.registry.AbstractInstanceRegistry$EvictionTask [Eureka-EvictionTimer] Running the evict task with compensationTime 0ms
2022-02-21 10:30:38,617 INFO com.netflix.eureka.registry.AbstractInstanceRegistry [http-nio-8761-exec-6] Registered instance API-ARTICULOS/host.docker.internal:api-articulos:8002 with status UP (replication=false)
2022-02-21 10:30:39,128 INFO com.netflix.eureka.registry.AbstractInstanceRegistry [http-nio-8761-exec-7] Registered instance API-ARTICULOS/host.docker.internal:api-articulos:8002 with status UP (replication=true)
2022-02-21 10:31:25,590 INFO com.netflix.eureka.registry.AbstractInstanceRegistry$EvictionTask [Eureka-EvictionTimer] Running the evict task with compensationTime 0ms
2022-02-21 10:31:56,929 INFO com.netflix.eureka.registry.AbstractInstanceRegistry [http-nio-8761-exec-3] Registered instance API-PRODUCTOS/api-productos:e002887013bf08b7362830f8839cf45a with status DOWN (replication=false)
2022-02-21 10:31:57,446 INFO com.netflix.eureka.registry.AbstractInstanceRegistry [http-nio-8761-exec-4] Registered instance API-PRODUCTOS/api-productos:e002887013bf08b7362830f8839cf45a with status DOWN (replication=true)
2022-02-21 10:32:00,283 INFO com.netflix.eureka.registry.AbstractInstanceRegistry [http-nio-8761-exec-5] Cancelled instance API-PRODUCTOS/api-productos:e002887013bf08b7362830f8839cf45a (replication=false)
2022-02-21 10:32:00,807 WARN com.netflix.eureka.registry.AbstractInstanceRegistry [http-nio-8761-exec-9] DS: Registry: cancel failed because Lease is not registered for: API-PRODUCTOS/api-productos:e002887013bf08b7362830f8839cf45a
2022-02-21 10:32:00,809 INFO com.netflix.eureka.resources.InstanceResource [http-nio-8761-exec-9] Not Found (Cancel): API-PRODUCTOS - api-productos:e002887013bf08b7362830f8839cf45a
2022-02-21 10:32:00,816 WARN com.netflix.eureka.cluster.ReplicationTask [TaskBatchingWorker-target_localhost-10] The replication of task API-PRODUCTOS/api-productos:e002887013bf08b7362830f8839cf45a:Cancel@localhost failed with response code 404
2022-02-21 10:32:00,817 WARN com.netflix.eureka.cluster.PeerEurekaNode$2 [TaskBatchingWorker-target_localhost-10] API-PRODUCTOS/api-productos:e002887013bf08b7362830f8839cf45a:Cancel@localhost: missing entry.
2022-02-21 10:32:05,781 INFO com.netflix.eureka.registry.AbstractInstanceRegistry [http-nio-8761-exec-10] Registered instance API-PRODUCTOS/api-productos:39399f220d3dc753e554eb3ff991d947 with status UP (replication=false)
2022-02-21 10:32:06,299 INFO com.netflix.eureka.registry.AbstractInstanceRegistry [http-nio-8761-exec-1] Registered instance API-PRODUCTOS/api-productos:39399f220d3dc753e554eb3ff991d947 with status UP (replication=true)
2022-02-21 10:32:25,590 INFO com.netflix.eureka.registry.AbstractInstanceRegistry$EvictionTask [Eureka-EvictionTimer] Running the evict task with compensationTime 0ms
2022-02-21 10:33:25,592 INFO com.netflix.eureka.registry.AbstractInstanceRegistry$EvictionTask [Eureka-EvictionTimer] Running the evict task with compensationTime 1ms
2022-02-21 10:34:25,592 INFO com.netflix.eureka.registry.AbstractInstanceRegistry$EvictionTask [Eureka-EvictionTimer] Running the evict task with compensationTime 0ms
2022-02-21 10:35:25,592 INFO com.netflix.eureka.registry.AbstractInstanceRegistry$EvictionTask [Eureka-EvictionTimer] Running the evict task with compensationTime 0ms
2022-02-21 10:36:25,592 INFO com.netflix.eureka.registry.AbstractInstanceRegistry$EvictionTask [Eureka-EvictionTimer] Running the evict task with compensationTime 0ms
2022-02-21 10:37:25,592 INFO com.netflix.eureka.registry.AbstractInstanceRegistry$EvictionTask [Eureka-EvictionTimer] Running the evict task with compensationTime 0ms
2022-02-21 10:38:25,592 INFO com.netflix.eureka.registry.AbstractInstanceRegistry$EvictionTask [Eureka-EvictionTimer] Running the evict task with compensationTime 0ms
2022-02-21 10:39:25,592 INFO com.netflix.eureka.registry.AbstractInstanceRegistry$EvictionTask [Eureka-EvictionTimer] Running the evict task with compensationTime 0ms
2022-02-21 10:40:25,593 INFO com.netflix.eureka.registry.AbstractInstanceRegistry$EvictionTask [Eureka-EvictionTimer] Running the evict task with compensationTime 0ms
2022-02-21 10:41:25,593 INFO com.netflix.eureka.registry.AbstractInstanceRegistry$EvictionTask [Eureka-EvictionTimer] Running the evict task with compensationTime 0ms
2022-02-21 10:42:25,594 INFO com.netflix.eureka.registry.AbstractInstanceRegistry$EvictionTask [Eureka-EvictionTimer] Running the evict task with compensationTime 0ms
2022-02-21 10:43:25,405 INFO com.netflix.eureka.registry.PeerAwareInstanceRegistryImpl [ReplicaAwareInstanceRegistry - RenewalThresholdUpdater] Current renewal threshold is : 5
2022-02-21 10:43:25,594 INFO com.netflix.eureka.registry.AbstractInstanceRegistry$EvictionTask [Eureka-EvictionTimer] Running the evict task with compensationTime 0ms
2022-02-21 10:44:25,594 INFO com.netflix.eureka.registry.AbstractInstanceRegistry$EvictionTask [Eureka-EvictionTimer] Running the evict task with compensationTime 0ms
2022-02-21 10:45:25,595 INFO com.netflix.eureka.registry.AbstractInstanceRegistry$EvictionTask [Eureka-EvictionTimer] Running the evict task with compensationTime 1ms
2022-02-21 10:46:10,185 INFO org.springframework.boot.admin.SpringApplicationAdminMXBeanRegistrar$SpringApplicationAdmin [RMI TCP Connection(28)-127.0.0.1] Application shutdown requested.
2022-02-21 10:46:10,188 INFO org.springframework.cloud.netflix.eureka.serviceregistry.EurekaServiceRegistry [RMI TCP Connection(28)-127.0.0.1] Unregistering application API-EUREKA-SERVER with eureka with status DOWN
2022-02-21 10:46:10,193 INFO com.netflix.eureka.registry.AbstractInstanceRegistry [http-nio-8761-exec-5] Registered instance API-PRODUCTOS/api-productos:39399f220d3dc753e554eb3ff991d947 with status DOWN (replication=false)
2022-02-21 10:46:10,194 INFO com.netflix.eureka.registry.AbstractInstanceRegistry [http-nio-8761-exec-9] Registered instance API-ARTICULOS/host.docker.internal:api-articulos:8002 with status DOWN (replication=false)
2022-02-21 10:46:10,250 INFO org.springframework.cloud.netflix.eureka.server.EurekaServerBootstrap [RMI TCP Connection(28)-127.0.0.1] Shutting down Eureka Server..
2022-02-21 10:46:10,341 INFO com.netflix.eureka.DefaultEurekaServerContext [RMI TCP Connection(28)-127.0.0.1] Shutting down ...
2022-02-21 10:46:10,353 INFO com.netflix.servo.monitor.StatsMonitor [RMI TCP Connection(28)-127.0.0.1] Attempting to get the value for an expired monitor: eurekaServer.replication.batchSize.Will start computing stats again.
2022-02-21 10:46:10,366 INFO com.netflix.servo.monitor.StatsMonitor [RMI TCP Connection(28)-127.0.0.1] Attempting to get the value for an expired monitor: eurekaServer.replication.executionTime.Will start computing stats again.
2022-02-21 10:46:10,375 INFO com.netflix.servo.monitor.StatsMonitor [RMI TCP Connection(28)-127.0.0.1] Attempting to get the value for an expired monitor: eurekaServer.replication.executionTime.Will start computing stats again.
2022-02-21 10:46:10,380 INFO com.netflix.servo.monitor.StatsMonitor [RMI TCP Connection(28)-127.0.0.1] Attempting to get the value for an expired monitor: eurekaServer.replication.batchSize.Will start computing stats again.
2022-02-21 10:46:10,618 INFO com.netflix.eureka.DefaultEurekaServerContext [RMI TCP Connection(28)-127.0.0.1] Shut down
2022-02-21 10:46:10,620 INFO org.springframework.cloud.netflix.eureka.server.EurekaServerBootstrap [RMI TCP Connection(28)-127.0.0.1] Eureka Service is now shutdown...
2022-02-21 10:46:10,621 INFO com.netflix.eureka.DefaultEurekaServerContext [RMI TCP Connection(28)-127.0.0.1] Shutting down ...
2022-02-21 10:46:10,808 INFO com.netflix.eureka.DefaultEurekaServerContext [RMI TCP Connection(28)-127.0.0.1] Shut down
2022-02-21 10:46:10,881 INFO com.netflix.discovery.DiscoveryClient [RMI TCP Connection(28)-127.0.0.1] Shutting down DiscoveryClient ...
2022-02-21 10:46:10,893 INFO com.netflix.discovery.DiscoveryClient [RMI TCP Connection(28)-127.0.0.1] Completed shut down of DiscoveryClient
