2022-02-24 23:03:17,545 INFO org.springframework.test.context.support.AbstractTestContextBootstrapper [main] Neither @ContextConfiguration nor @ContextHierarchy found for test class [com.ibm.academia.restapi.ipfraude.services.CountryLayerServiceImplTest], using SpringBootContextLoader
2022-02-24 23:03:17,549 INFO org.springframework.test.context.support.AbstractContextLoader [main] Could not detect default resource locations for test class [com.ibm.academia.restapi.ipfraude.services.CountryLayerServiceImplTest]: no resource found for suffixes {-context.xml, Context.groovy}.
2022-02-24 23:03:17,550 INFO org.springframework.test.context.support.AnnotationConfigContextLoaderUtils [main] Could not detect default configuration classes for test class [com.ibm.academia.restapi.ipfraude.services.CountryLayerServiceImplTest]: CountryLayerServiceImplTest does not declare any static, non-private, non-final, nested classes annotated with @Configuration.
2022-02-24 23:03:17,609 INFO org.springframework.boot.test.context.SpringBootTestContextBootstrapper [main] Found @SpringBootConfiguration com.ibm.academia.restapi.ipfraude.RestArticulosApplication for test class com.ibm.academia.restapi.ipfraude.services.CountryLayerServiceImplTest
2022-02-24 23:03:17,681 INFO org.springframework.test.context.support.AbstractTestContextBootstrapper [main] Loaded default TestExecutionListener class names from location [META-INF/spring.factories]: [org.springframework.boot.test.mock.mockito.MockitoTestExecutionListener, org.springframework.boot.test.mock.mockito.ResetMocksTestExecutionListener, org.springframework.boot.test.autoconfigure.restdocs.RestDocsTestExecutionListener, org.springframework.boot.test.autoconfigure.web.client.MockRestServiceServerResetTestExecutionListener, org.springframework.boot.test.autoconfigure.web.servlet.MockMvcPrintOnlyOnFailureTestExecutionListener, org.springframework.boot.test.autoconfigure.web.servlet.WebDriverTestExecutionListener, org.springframework.boot.test.autoconfigure.webservices.client.MockWebServiceServerTestExecutionListener, org.springframework.test.context.web.ServletTestExecutionListener, org.springframework.test.context.support.DirtiesContextBeforeModesTestExecutionListener, org.springframework.test.context.event.ApplicationEventsTestExecutionListener, org.springframework.test.context.support.DependencyInjectionTestExecutionListener, org.springframework.test.context.support.DirtiesContextTestExecutionListener, org.springframework.test.context.transaction.TransactionalTestExecutionListener, org.springframework.test.context.jdbc.SqlScriptsTestExecutionListener, org.springframework.test.context.event.EventPublishingTestExecutionListener]
2022-02-24 23:03:17,689 INFO org.springframework.test.context.support.AbstractTestContextBootstrapper [main] Using TestExecutionListeners: [org.springframework.test.context.web.ServletTestExecutionListener@770d0ea6, org.springframework.test.context.support.DirtiesContextBeforeModesTestExecutionListener@48c40605, org.springframework.test.context.event.ApplicationEventsTestExecutionListener@54107f42, org.springframework.boot.test.mock.mockito.MockitoTestExecutionListener@1b11ef33, org.springframework.boot.test.autoconfigure.SpringBootDependencyInjectionTestExecutionListener@476aac9, org.springframework.test.context.support.DirtiesContextTestExecutionListener@6cea706c, org.springframework.test.context.transaction.TransactionalTestExecutionListener@3bd7f8dc, org.springframework.test.context.jdbc.SqlScriptsTestExecutionListener@2f2bf0e2, org.springframework.test.context.event.EventPublishingTestExecutionListener@1eba372c, org.springframework.boot.test.mock.mockito.ResetMocksTestExecutionListener@21ec5d87, org.springframework.boot.test.autoconfigure.restdocs.RestDocsTestExecutionListener@25f9407e, org.springframework.boot.test.autoconfigure.web.client.MockRestServiceServerResetTestExecutionListener@552518c3, org.springframework.boot.test.autoconfigure.web.servlet.MockMvcPrintOnlyOnFailureTestExecutionListener@1a69561c, org.springframework.boot.test.autoconfigure.web.servlet.WebDriverTestExecutionListener@59aa20b3, org.springframework.boot.test.autoconfigure.webservices.client.MockWebServiceServerTestExecutionListener@363f6148]
2022-02-24 23:03:17,927 INFO org.springframework.boot.StartupInfoLogger [main] Starting CountryLayerServiceImplTest using Java 17.0.1 on LaloPCs with PID 14812 (started by laloses in /home/laloses/Downloads/Articulos APIs/ipFraudeAPI)
2022-02-24 23:03:17,928 INFO org.springframework.boot.SpringApplication [main] No active profile set, falling back to default profiles: default
2022-02-24 23:03:18,437 INFO org.springframework.data.repository.config.RepositoryConfigurationDelegate [main] Bootstrapping Spring Data JPA repositories in DEFAULT mode.
2022-02-24 23:03:18,533 INFO org.springframework.data.repository.config.RepositoryConfigurationDelegate [main] Finished Spring Data repository scanning in 90 ms. Found 1 JPA repository interfaces.
2022-02-24 23:03:18,742 INFO org.springframework.cloud.context.scope.GenericScope [main] BeanFactory id=4ba7d951-9a6d-3f7c-8b0d-a087437a7e91
2022-02-24 23:03:19,148 INFO com.zaxxer.hikari.HikariDataSource [main] HikariPool-1 - Starting...
2022-02-24 23:03:19,268 INFO com.zaxxer.hikari.HikariDataSource [main] HikariPool-1 - Start completed.
2022-02-24 23:03:19,308 INFO org.hibernate.jpa.internal.util.LogHelper [main] HHH000204: Processing PersistenceUnitInfo [name: default]
2022-02-24 23:03:19,340 INFO org.hibernate.Version [main] HHH000412: Hibernate ORM core version 5.6.4.Final
2022-02-24 23:03:19,441 INFO org.hibernate.annotations.common.reflection.java.JavaReflectionManager [main] HCANN000001: Hibernate Commons Annotations {5.1.2.Final}
2022-02-24 23:03:19,513 INFO org.hibernate.dialect.Dialect [main] HHH000400: Using dialect: org.hibernate.dialect.H2Dialect
2022-02-24 23:03:19,881 INFO org.hibernate.engine.transaction.jta.platform.internal.JtaPlatformInitiator [main] HHH000490: Using JtaPlatform implementation: [org.hibernate.engine.transaction.jta.platform.internal.NoJtaPlatform]
2022-02-24 23:03:19,886 INFO org.springframework.orm.jpa.AbstractEntityManagerFactoryBean [main] Initialized JPA EntityManagerFactory for persistence unit 'default'
2022-02-24 23:03:20,260 WARN org.springframework.boot.autoconfigure.orm.jpa.JpaBaseConfiguration$JpaWebConfiguration [main] spring.jpa.open-in-view is enabled by default. Therefore, database queries may be performed during view rendering. Explicitly configure spring.jpa.open-in-view to disable this warning
2022-02-24 23:03:21,351 INFO org.springframework.cloud.netflix.eureka.config.DiscoveryClientOptionalArgsConfiguration [main] Eureka HTTP Client uses RestTemplate.
2022-02-24 23:03:21,450 WARN org.springframework.cloud.loadbalancer.config.LoadBalancerCacheAutoConfiguration$LoadBalancerCaffeineWarnLogger [main] Spring Cloud LoadBalancer is currently working with the default cache. While this cache implementation is useful for development and tests, it's recommended to use Caffeine cache in production.You can switch to using Caffeine cache, by adding it and org.springframework.cache.caffeine.CaffeineCacheManager to the classpath.
2022-02-24 23:03:21,475 INFO org.springframework.cloud.netflix.eureka.InstanceInfoFactory [main] Setting initial instance status as: STARTING
2022-02-24 23:03:21,552 INFO com.netflix.discovery.DiscoveryClient [main] Initializing Eureka in region us-east-1
2022-02-24 23:03:21,556 INFO com.netflix.discovery.shared.resolver.aws.ConfigClusterResolver [main] Resolving eureka endpoints via configuration
2022-02-24 23:03:21,575 INFO com.netflix.discovery.DiscoveryClient [main] Disable delta property : false
2022-02-24 23:03:21,576 INFO com.netflix.discovery.DiscoveryClient [main] Single vip registry refresh property : null
2022-02-24 23:03:21,576 INFO com.netflix.discovery.DiscoveryClient [main] Force full registry fetch : false
2022-02-24 23:03:21,576 INFO com.netflix.discovery.DiscoveryClient [main] Application is null : false
2022-02-24 23:03:21,576 INFO com.netflix.discovery.DiscoveryClient [main] Registered Applications size is zero : true
2022-02-24 23:03:21,576 INFO com.netflix.discovery.DiscoveryClient [main] Application version is -1: true
2022-02-24 23:03:21,576 INFO com.netflix.discovery.DiscoveryClient [main] Getting all instance registry info from the eureka server
2022-02-24 23:03:21,814 INFO com.netflix.discovery.DiscoveryClient [main] The response status is 200
2022-02-24 23:03:21,818 INFO com.netflix.discovery.DiscoveryClient [main] Starting heartbeat executor: renew interval is: 30
2022-02-24 23:03:21,822 INFO com.netflix.discovery.InstanceInfoReplicator [main] InstanceInfoReplicator onDemand update allowed rate per min is 4
2022-02-24 23:03:21,832 INFO com.netflix.discovery.DiscoveryClient [main] Discovery Client initialized at timestamp 1645765401831 with initial instances count: 0
2022-02-24 23:03:21,842 INFO org.springframework.cloud.netflix.eureka.serviceregistry.EurekaServiceRegistry [main] Registering application API-FRAUDES with eureka with status UP
2022-02-24 23:03:21,843 INFO com.netflix.discovery.DiscoveryClient$3 [main] Saw local status change event StatusChangeEvent [timestamp=1645765401843, current=UP, previous=STARTING]
2022-02-24 23:03:21,844 INFO com.netflix.discovery.DiscoveryClient [DiscoveryClient-InstanceInfoReplicator-0] DiscoveryClient_API-FRAUDES/192.168.1.133:api-fraudes:8001: registering service...
2022-02-24 23:03:21,852 INFO org.springframework.boot.StartupInfoLogger [main] Started CountryLayerServiceImplTest in 4.132 seconds (JVM running for 4.878)
2022-02-24 23:03:21,868 INFO com.netflix.discovery.DiscoveryClient [DiscoveryClient-InstanceInfoReplicator-0] DiscoveryClient_API-FRAUDES/192.168.1.133:api-fraudes:8001 - registration status: 204
2022-02-24 23:03:22,411 WARN com.ibm.academia.restapi.ipfraude.modelo.servicios.CountryServiceImpl [main] [404 Not Found] during [GET] to [http://api.countrylayer.com/v2/alpha/DEUasas?access_key=d4adb745db60c3932c8ec944fe53902e] [CountryLayerRest#findCountryByCode3(String,String)]: [{"status":404,"message":"Not Found"}]
2022-02-24 23:03:22,565 WARN com.ibm.academia.restapi.ipfraude.modelo.servicios.CountryServiceImpl [main] [429 Too Many Requests] during [GET] to [http://api.countrylayer.com/v2/alpha/DEU?access_key=d4adb745db60c3932c8ec944fe53902e] [CountryLayerRest#findCountryByCode3(String,String)]: [{"error":{"code":"rate_limit_reached","message":"You have exceeded the maximum rate limitation allowed on your subscription plan. Please refer to the \"Rate Limits\" section of the API Documentation for details. "}}]
2022-02-24 23:03:22,577 INFO org.springframework.cloud.netflix.eureka.serviceregistry.EurekaServiceRegistry [SpringApplicationShutdownHook] Unregistering application API-FRAUDES with eureka with status DOWN
2022-02-24 23:03:22,577 INFO com.netflix.discovery.DiscoveryClient$3 [SpringApplicationShutdownHook] Saw local status change event StatusChangeEvent [timestamp=1645765402577, current=DOWN, previous=UP]
2022-02-24 23:03:22,578 INFO com.netflix.discovery.DiscoveryClient [DiscoveryClient-InstanceInfoReplicator-0] DiscoveryClient_API-FRAUDES/192.168.1.133:api-fraudes:8001: registering service...
2022-02-24 23:03:22,582 INFO com.netflix.discovery.DiscoveryClient [DiscoveryClient-InstanceInfoReplicator-0] DiscoveryClient_API-FRAUDES/192.168.1.133:api-fraudes:8001 - registration status: 204
2022-02-24 23:03:22,583 INFO org.springframework.orm.jpa.AbstractEntityManagerFactoryBean [SpringApplicationShutdownHook] Closing JPA EntityManagerFactory for persistence unit 'default'
2022-02-24 23:03:22,583 INFO org.hibernate.tool.schema.internal.SchemaDropperImpl$DelayedDropActionImpl [SpringApplicationShutdownHook] HHH000477: Starting delayed evictData of schema as part of SessionFactory shut-down'
2022-02-24 23:03:22,588 INFO com.zaxxer.hikari.HikariDataSource [SpringApplicationShutdownHook] HikariPool-1 - Shutdown initiated...
2022-02-24 23:03:22,590 INFO com.zaxxer.hikari.HikariDataSource [SpringApplicationShutdownHook] HikariPool-1 - Shutdown completed.
2022-02-24 23:03:22,591 INFO com.netflix.discovery.DiscoveryClient [SpringApplicationShutdownHook] Shutting down DiscoveryClient ...
2022-02-24 23:03:25,599 INFO com.netflix.discovery.DiscoveryClient [SpringApplicationShutdownHook] Unregistering ...
2022-02-24 23:03:25,603 INFO com.netflix.discovery.DiscoveryClient [SpringApplicationShutdownHook] DiscoveryClient_API-FRAUDES/192.168.1.133:api-fraudes:8001 - deregister  status: 200
2022-02-24 23:03:25,607 INFO com.netflix.discovery.DiscoveryClient [SpringApplicationShutdownHook] Completed shut down of DiscoveryClient
2022-02-24 23:06:26,213 INFO org.springframework.test.context.support.AbstractTestContextBootstrapper [main] Neither @ContextConfiguration nor @ContextHierarchy found for test class [com.ibm.academia.restapi.ipfraude.services.CountryLayerServiceImplTest], using SpringBootContextLoader
2022-02-24 23:06:26,218 INFO org.springframework.test.context.support.AbstractContextLoader [main] Could not detect default resource locations for test class [com.ibm.academia.restapi.ipfraude.services.CountryLayerServiceImplTest]: no resource found for suffixes {-context.xml, Context.groovy}.
2022-02-24 23:06:26,218 INFO org.springframework.test.context.support.AnnotationConfigContextLoaderUtils [main] Could not detect default configuration classes for test class [com.ibm.academia.restapi.ipfraude.services.CountryLayerServiceImplTest]: CountryLayerServiceImplTest does not declare any static, non-private, non-final, nested classes annotated with @Configuration.
2022-02-24 23:06:26,277 INFO org.springframework.boot.test.context.SpringBootTestContextBootstrapper [main] Found @SpringBootConfiguration com.ibm.academia.restapi.ipfraude.RestArticulosApplication for test class com.ibm.academia.restapi.ipfraude.services.CountryLayerServiceImplTest
2022-02-24 23:06:26,353 INFO org.springframework.test.context.support.AbstractTestContextBootstrapper [main] Loaded default TestExecutionListener class names from location [META-INF/spring.factories]: [org.springframework.boot.test.mock.mockito.MockitoTestExecutionListener, org.springframework.boot.test.mock.mockito.ResetMocksTestExecutionListener, org.springframework.boot.test.autoconfigure.restdocs.RestDocsTestExecutionListener, org.springframework.boot.test.autoconfigure.web.client.MockRestServiceServerResetTestExecutionListener, org.springframework.boot.test.autoconfigure.web.servlet.MockMvcPrintOnlyOnFailureTestExecutionListener, org.springframework.boot.test.autoconfigure.web.servlet.WebDriverTestExecutionListener, org.springframework.boot.test.autoconfigure.webservices.client.MockWebServiceServerTestExecutionListener, org.springframework.test.context.web.ServletTestExecutionListener, org.springframework.test.context.support.DirtiesContextBeforeModesTestExecutionListener, org.springframework.test.context.event.ApplicationEventsTestExecutionListener, org.springframework.test.context.support.DependencyInjectionTestExecutionListener, org.springframework.test.context.support.DirtiesContextTestExecutionListener, org.springframework.test.context.transaction.TransactionalTestExecutionListener, org.springframework.test.context.jdbc.SqlScriptsTestExecutionListener, org.springframework.test.context.event.EventPublishingTestExecutionListener]
2022-02-24 23:06:26,363 INFO org.springframework.test.context.support.AbstractTestContextBootstrapper [main] Using TestExecutionListeners: [org.springframework.test.context.web.ServletTestExecutionListener@48c40605, org.springframework.test.context.support.DirtiesContextBeforeModesTestExecutionListener@54107f42, org.springframework.test.context.event.ApplicationEventsTestExecutionListener@1b11ef33, org.springframework.boot.test.mock.mockito.MockitoTestExecutionListener@476aac9, org.springframework.boot.test.autoconfigure.SpringBootDependencyInjectionTestExecutionListener@6cea706c, org.springframework.test.context.support.DirtiesContextTestExecutionListener@3bd7f8dc, org.springframework.test.context.transaction.TransactionalTestExecutionListener@2f2bf0e2, org.springframework.test.context.jdbc.SqlScriptsTestExecutionListener@1eba372c, org.springframework.test.context.event.EventPublishingTestExecutionListener@21ec5d87, org.springframework.boot.test.mock.mockito.ResetMocksTestExecutionListener@25f9407e, org.springframework.boot.test.autoconfigure.restdocs.RestDocsTestExecutionListener@552518c3, org.springframework.boot.test.autoconfigure.web.client.MockRestServiceServerResetTestExecutionListener@1a69561c, org.springframework.boot.test.autoconfigure.web.servlet.MockMvcPrintOnlyOnFailureTestExecutionListener@59aa20b3, org.springframework.boot.test.autoconfigure.web.servlet.WebDriverTestExecutionListener@363f6148, org.springframework.boot.test.autoconfigure.webservices.client.MockWebServiceServerTestExecutionListener@4b21844c]
2022-02-24 23:06:26,587 INFO org.springframework.boot.StartupInfoLogger [main] Starting CountryLayerServiceImplTest using Java 17.0.1 on LaloPCs with PID 14987 (started by laloses in /home/laloses/Downloads/Articulos APIs/ipFraudeAPI)
2022-02-24 23:06:26,587 INFO org.springframework.boot.SpringApplication [main] No active profile set, falling back to default profiles: default
2022-02-24 23:06:27,082 INFO org.springframework.data.repository.config.RepositoryConfigurationDelegate [main] Bootstrapping Spring Data JPA repositories in DEFAULT mode.
2022-02-24 23:06:27,180 INFO org.springframework.data.repository.config.RepositoryConfigurationDelegate [main] Finished Spring Data repository scanning in 91 ms. Found 1 JPA repository interfaces.
2022-02-24 23:06:27,394 INFO org.springframework.cloud.context.scope.GenericScope [main] BeanFactory id=4ba7d951-9a6d-3f7c-8b0d-a087437a7e91
2022-02-24 23:06:27,822 INFO com.zaxxer.hikari.HikariDataSource [main] HikariPool-1 - Starting...
2022-02-24 23:06:27,946 INFO com.zaxxer.hikari.HikariDataSource [main] HikariPool-1 - Start completed.
2022-02-24 23:06:27,995 INFO org.hibernate.jpa.internal.util.LogHelper [main] HHH000204: Processing PersistenceUnitInfo [name: default]
2022-02-24 23:06:28,027 INFO org.hibernate.Version [main] HHH000412: Hibernate ORM core version 5.6.4.Final
2022-02-24 23:06:28,125 INFO org.hibernate.annotations.common.reflection.java.JavaReflectionManager [main] HCANN000001: Hibernate Commons Annotations {5.1.2.Final}
2022-02-24 23:06:28,197 INFO org.hibernate.dialect.Dialect [main] HHH000400: Using dialect: org.hibernate.dialect.H2Dialect
2022-02-24 23:06:28,547 INFO org.hibernate.engine.transaction.jta.platform.internal.JtaPlatformInitiator [main] HHH000490: Using JtaPlatform implementation: [org.hibernate.engine.transaction.jta.platform.internal.NoJtaPlatform]
2022-02-24 23:06:28,553 INFO org.springframework.orm.jpa.AbstractEntityManagerFactoryBean [main] Initialized JPA EntityManagerFactory for persistence unit 'default'
2022-02-24 23:06:28,915 WARN org.springframework.boot.autoconfigure.orm.jpa.JpaBaseConfiguration$JpaWebConfiguration [main] spring.jpa.open-in-view is enabled by default. Therefore, database queries may be performed during view rendering. Explicitly configure spring.jpa.open-in-view to disable this warning
2022-02-24 23:06:30,049 INFO org.springframework.cloud.netflix.eureka.config.DiscoveryClientOptionalArgsConfiguration [main] Eureka HTTP Client uses RestTemplate.
2022-02-24 23:06:30,157 WARN org.springframework.cloud.loadbalancer.config.LoadBalancerCacheAutoConfiguration$LoadBalancerCaffeineWarnLogger [main] Spring Cloud LoadBalancer is currently working with the default cache. While this cache implementation is useful for development and tests, it's recommended to use Caffeine cache in production.You can switch to using Caffeine cache, by adding it and org.springframework.cache.caffeine.CaffeineCacheManager to the classpath.
2022-02-24 23:06:30,183 INFO org.springframework.cloud.netflix.eureka.InstanceInfoFactory [main] Setting initial instance status as: STARTING
2022-02-24 23:06:30,267 INFO com.netflix.discovery.DiscoveryClient [main] Initializing Eureka in region us-east-1
2022-02-24 23:06:30,270 INFO com.netflix.discovery.shared.resolver.aws.ConfigClusterResolver [main] Resolving eureka endpoints via configuration
2022-02-24 23:06:30,290 INFO com.netflix.discovery.DiscoveryClient [main] Disable delta property : false
2022-02-24 23:06:30,290 INFO com.netflix.discovery.DiscoveryClient [main] Single vip registry refresh property : null
2022-02-24 23:06:30,291 INFO com.netflix.discovery.DiscoveryClient [main] Force full registry fetch : false
2022-02-24 23:06:30,291 INFO com.netflix.discovery.DiscoveryClient [main] Application is null : false
2022-02-24 23:06:30,291 INFO com.netflix.discovery.DiscoveryClient [main] Registered Applications size is zero : true
2022-02-24 23:06:30,291 INFO com.netflix.discovery.DiscoveryClient [main] Application version is -1: true
2022-02-24 23:06:30,291 INFO com.netflix.discovery.DiscoveryClient [main] Getting all instance registry info from the eureka server
2022-02-24 23:06:30,521 INFO com.netflix.discovery.DiscoveryClient [main] The response status is 200
2022-02-24 23:06:30,525 INFO com.netflix.discovery.DiscoveryClient [main] Starting heartbeat executor: renew interval is: 30
2022-02-24 23:06:30,533 INFO com.netflix.discovery.InstanceInfoReplicator [main] InstanceInfoReplicator onDemand update allowed rate per min is 4
2022-02-24 23:06:30,542 INFO com.netflix.discovery.DiscoveryClient [main] Discovery Client initialized at timestamp 1645765590541 with initial instances count: 0
2022-02-24 23:06:30,553 INFO org.springframework.cloud.netflix.eureka.serviceregistry.EurekaServiceRegistry [main] Registering application API-FRAUDES with eureka with status UP
2022-02-24 23:06:30,553 INFO com.netflix.discovery.DiscoveryClient$3 [main] Saw local status change event StatusChangeEvent [timestamp=1645765590553, current=UP, previous=STARTING]
2022-02-24 23:06:30,554 INFO com.netflix.discovery.DiscoveryClient [DiscoveryClient-InstanceInfoReplicator-0] DiscoveryClient_API-FRAUDES/192.168.1.133:api-fraudes:8001: registering service...
2022-02-24 23:06:30,565 INFO org.springframework.boot.StartupInfoLogger [main] Started CountryLayerServiceImplTest in 4.176 seconds (JVM running for 4.955)
2022-02-24 23:06:30,580 INFO com.netflix.discovery.DiscoveryClient [DiscoveryClient-InstanceInfoReplicator-0] DiscoveryClient_API-FRAUDES/192.168.1.133:api-fraudes:8001 - registration status: 204
2022-02-24 23:06:31,014 INFO org.springframework.cloud.netflix.eureka.serviceregistry.EurekaServiceRegistry [SpringApplicationShutdownHook] Unregistering application API-FRAUDES with eureka with status DOWN
2022-02-24 23:06:31,014 INFO com.netflix.discovery.DiscoveryClient$3 [SpringApplicationShutdownHook] Saw local status change event StatusChangeEvent [timestamp=1645765591014, current=DOWN, previous=UP]
2022-02-24 23:06:31,014 INFO com.netflix.discovery.DiscoveryClient [DiscoveryClient-InstanceInfoReplicator-0] DiscoveryClient_API-FRAUDES/192.168.1.133:api-fraudes:8001: registering service...
2022-02-24 23:06:31,018 INFO com.netflix.discovery.DiscoveryClient [DiscoveryClient-InstanceInfoReplicator-0] DiscoveryClient_API-FRAUDES/192.168.1.133:api-fraudes:8001 - registration status: 204
2022-02-24 23:06:31,020 INFO org.springframework.orm.jpa.AbstractEntityManagerFactoryBean [SpringApplicationShutdownHook] Closing JPA EntityManagerFactory for persistence unit 'default'
2022-02-24 23:06:31,020 INFO org.hibernate.tool.schema.internal.SchemaDropperImpl$DelayedDropActionImpl [SpringApplicationShutdownHook] HHH000477: Starting delayed evictData of schema as part of SessionFactory shut-down'
2022-02-24 23:06:31,024 INFO com.zaxxer.hikari.HikariDataSource [SpringApplicationShutdownHook] HikariPool-1 - Shutdown initiated...
2022-02-24 23:06:31,026 INFO com.zaxxer.hikari.HikariDataSource [SpringApplicationShutdownHook] HikariPool-1 - Shutdown completed.
2022-02-24 23:06:31,026 INFO com.netflix.discovery.DiscoveryClient [SpringApplicationShutdownHook] Shutting down DiscoveryClient ...
2022-02-24 23:06:34,043 INFO com.netflix.discovery.DiscoveryClient [SpringApplicationShutdownHook] Unregistering ...
2022-02-24 23:06:34,049 INFO com.netflix.discovery.DiscoveryClient [SpringApplicationShutdownHook] DiscoveryClient_API-FRAUDES/192.168.1.133:api-fraudes:8001 - deregister  status: 200
2022-02-24 23:06:34,053 INFO com.netflix.discovery.DiscoveryClient [SpringApplicationShutdownHook] Completed shut down of DiscoveryClient
